<?xml version="1.0" encoding="UTF-8"?>
<!-- Generated by org.testng.reporters.JUnitXMLReporter -->
<testsuite hostname="Hemant-PC" ignored="0" name="Default test" tests="4" failures="0" timestamp="31 Mar 2018 14:35:27 GMT" time="49.977" errors="0">
  <testcase name="loginTest" time="16.433" classname="ecommerce.shoppingTests.LoginTest"/>
  <testcase name="loginTest" time="14.504" classname="ecommerce.shoppingTests.LoginTest"/>
  <testcase name="loginTest" time="7.181" classname="ecommerce.shoppingTests.LoginTest"/>
  <testcase name="searchItemAndAddToCart" time="2.864" classname="ecommerce.shoppingTests.LoginTest"/>
</testsuite> <!-- Default test -->
