<?xml version="1.0" encoding="UTF-8"?>
<testng-results skipped="0" failed="0" ignored="0" total="4" passed="4">
  <reporter-output>
  </reporter-output>
  <suite name="Default suite" duration-ms="49977" started-at="2018-03-31T14:34:37Z" finished-at="2018-03-31T14:35:27Z">
    <groups>
    </groups>
    <test name="Default test" duration-ms="49977" started-at="2018-03-31T14:34:37Z" finished-at="2018-03-31T14:35:27Z">
      <class name="ecommerce.shoppingTests.LoginTest">
        <test-method status="PASS" signature="setUpDriver()[pri:0, instance:ecommerce.shoppingTests.LoginTest@3532ec19]" name="setUpDriver" is-config="true" duration-ms="7233" started-at="2018-03-31T20:04:37Z" finished-at="2018-03-31T20:04:44Z">
          <reporter-output>
          </reporter-output>
        </test-method> <!-- setUpDriver -->
        <test-method status="PASS" signature="loginTest(java.lang.String, java.lang.String, boolean)[pri:0, instance:ecommerce.shoppingTests.LoginTest@3532ec19]" name="loginTest" duration-ms="16433" started-at="2018-03-31T20:04:44Z" data-provider="loginData" finished-at="2018-03-31T20:05:01Z">
          <params>
            <param index="0">
              <value>
                <![CDATA[Hemant]]>
              </value>
            </param>
            <param index="1">
              <value>
                <![CDATA[Badaya]]>
              </value>
            </param>
            <param index="2">
              <value>
                <![CDATA[false]]>
              </value>
            </param>
          </params>
          <reporter-output>
          </reporter-output>
        </test-method> <!-- loginTest -->
        <test-method status="PASS" signature="loginTest(java.lang.String, java.lang.String, boolean)[pri:0, instance:ecommerce.shoppingTests.LoginTest@3532ec19]" name="loginTest" duration-ms="14504" started-at="2018-03-31T20:05:01Z" data-provider="loginData" finished-at="2018-03-31T20:05:15Z">
          <params>
            <param index="0">
              <value>
                <![CDATA[hemantb_net@yahoo.co.in]]>
              </value>
            </param>
            <param index="1">
              <value>
                <![CDATA[Sondes@123]]>
              </value>
            </param>
            <param index="2">
              <value>
                <![CDATA[true]]>
              </value>
            </param>
          </params>
          <reporter-output>
          </reporter-output>
        </test-method> <!-- loginTest -->
        <test-method status="PASS" signature="loginTest(java.lang.String, java.lang.String, boolean)[pri:0, instance:ecommerce.shoppingTests.LoginTest@3532ec19]" name="loginTest" duration-ms="7181" started-at="2018-03-31T20:05:15Z" data-provider="loginData" finished-at="2018-03-31T20:05:23Z">
          <params>
            <param index="0">
              <value>
                <![CDATA[Hemant]]>
              </value>
            </param>
            <param index="1">
              <value>
                <![CDATA[Bahaar]]>
              </value>
            </param>
            <param index="2">
              <value>
                <![CDATA[false]]>
              </value>
            </param>
          </params>
          <reporter-output>
          </reporter-output>
        </test-method> <!-- loginTest -->
        <test-method status="PASS" signature="searchItemAndAddToCart()[pri:0, instance:ecommerce.shoppingTests.LoginTest@3532ec19]" name="searchItemAndAddToCart" duration-ms="2864" started-at="2018-03-31T20:05:23Z" finished-at="2018-03-31T20:05:25Z">
          <reporter-output>
          </reporter-output>
        </test-method> <!-- searchItemAndAddToCart -->
        <test-method status="PASS" signature="tearDown()[pri:0, instance:ecommerce.shoppingTests.LoginTest@3532ec19]" name="tearDown" is-config="true" duration-ms="1628" started-at="2018-03-31T20:05:25Z" finished-at="2018-03-31T20:05:27Z">
          <reporter-output>
          </reporter-output>
        </test-method> <!-- tearDown -->
      </class> <!-- ecommerce.shoppingTests.LoginTest -->
    </test> <!-- Default test -->
  </suite> <!-- Default suite -->
</testng-results>
